<?xml version="1.0" encoding="UTF-8"?>
<testng-results skipped="0" failed="0" ignored="0" total="1" passed="1">
  <reporter-output>
  </reporter-output>
  <suite name="ge_TestAutomation" duration-ms="16408" started-at="2021-03-18T09:09:31Z" finished-at="2021-03-18T09:09:47Z">
    <groups>
    </groups>
    <test name="GEGSC Test Automation" duration-ms="16408" started-at="2021-03-18T09:09:31Z" finished-at="2021-03-18T09:09:47Z">
      <class name="com.gegsc.testCases.TC_LoginTest_001">
        <test-method status="PASS" signature="setup(java.lang.String)[pri:0, instance:com.gegsc.testCases.TC_LoginTest_001@e25b2fe]" name="setup" is-config="true" duration-ms="9608" started-at="2021-03-18T09:09:31Z" finished-at="2021-03-18T09:09:41Z">
          <params>
            <param index="0">
              <value>
                <![CDATA[chrome]]>
              </value>
            </param>
          </params>
          <reporter-output>
          </reporter-output>
        </test-method> <!-- setup -->
        <test-method status="PASS" signature="loginTest()[pri:0, instance:com.gegsc.testCases.TC_LoginTest_001@e25b2fe]" name="loginTest" duration-ms="5275" started-at="2021-03-18T09:09:41Z" finished-at="2021-03-18T09:09:46Z">
          <reporter-output>
          </reporter-output>
        </test-method> <!-- loginTest -->
        <test-method status="PASS" signature="tearDown()[pri:0, instance:com.gegsc.testCases.TC_LoginTest_001@e25b2fe]" name="tearDown" is-config="true" duration-ms="1230" started-at="2021-03-18T09:09:46Z" finished-at="2021-03-18T09:09:47Z">
          <reporter-output>
          </reporter-output>
        </test-method> <!-- tearDown -->
      </class> <!-- com.gegsc.testCases.TC_LoginTest_001 -->
    </test> <!-- GEGSC Test Automation -->
  </suite> <!-- ge_TestAutomation -->
</testng-results>
